<?xml version="1.0" encoding="UTF-8"?>
<testng-results skipped="0" failed="0" ignored="0" total="1" passed="1">
  <reporter-output>
  </reporter-output>
  <suite name="Suite" duration-ms="39965" started-at="2019-04-07T12:21:12Z" finished-at="2019-04-07T12:21:52Z">
    <groups>
    </groups>
    <test name="Test" duration-ms="39965" started-at="2019-04-07T12:21:12Z" finished-at="2019-04-07T12:21:52Z">
      <class name="com.qa.autoProj.www.VerifyTitlePage">
        <test-method status="PASS" signature="setup(java.lang.String)[pri:0, instance:com.qa.autoProj.www.VerifyTitlePage@59f99ea]" name="setup" is-config="true" duration-ms="39894" started-at="2019-04-07T12:21:12Z" finished-at="2019-04-07T12:21:52Z">
          <params>
            <param index="0">
              <value>
                <![CDATA[chrome]]>
              </value>
            </param>
          </params>
          <reporter-output>
          </reporter-output>
        </test-method> <!-- setup -->
        <test-method status="PASS" signature="getTitle()[pri:0, instance:com.qa.autoProj.www.VerifyTitlePage@59f99ea]" name="getTitle" duration-ms="31" started-at="2019-04-07T12:21:52Z" finished-at="2019-04-07T12:21:52Z">
          <reporter-output>
          </reporter-output>
        </test-method> <!-- getTitle -->
      </class> <!-- com.qa.autoProj.www.VerifyTitlePage -->
    </test> <!-- Test -->
  </suite> <!-- Suite -->
</testng-results>
